-3.492525412309255728e+00
-1.097158823363705737e+00
2.077491350612109322e+00
2.995497292462024674e+00
2.843743292811173440e+00
4.813891714066868666e+00
4.139560678258488835e+00
4.031568678635367498e+00
5.235966257660356504e+00
6.049523883858912043e+00
3.768634891962673539e+00
5.171286731252243030e+00
3.907963735257794724e+00
5.062360631239636533e+00
4.568371323337752088e+00
2.990489422002292841e+00
4.806619305322247016e+00
5.924237645991365042e+00
5.723267421011026812e+00
6.732659702160558091e+00
5.418830960090762261e+00
5.063323052592691553e+00
3.283289443183971201e+00
6.511378435535220000e+00
5.698709359792424323e+00
5.242981890887098650e+00
4.574014361279349572e+00
5.378958652559545861e+00
3.689512602371012751e+00
5.536100042090922990e+00
5.952866918717993450e+00
5.459434297697681515e+00
7.058152853259109349e+00
5.384489319882483471e+00
5.563036066980810546e+00
5.314673126688196803e+00
4.699685982886798286e+00
6.796014703928367595e+00
6.108949092693928051e+00
3.335785346451872968e+00
7.530122502112498672e+00
5.908508635436492185e+00
5.401859897411608102e+00
6.064269076129734870e+00
4.671652627092493404e+00
3.547560125033886624e+00
6.797904912567194202e+00
5.021362521261337086e+00
4.058951825140044711e+00
4.404012480593986645e+00
5.490954797633106566e+00
